Using pre-set license
Built from '2022.3/staging' branch; Version is '2022.3.19f1 (244b723c30a6) revision 2378610'; Using compiler version '192829333'; Build Type 'Release'
OS: 'Windows 11  (10.0.22631) 64bit CoreSingleLanguage' Language: 'en' Physical Memory: 24301 MB
BatchMode: 1, IsHumanControllingUs: 0, StartBugReporterOnCrash: 0, Is64bit: 1, IsPro: 1

COMMAND LINE ARGUMENTS:
D:\.KULIAH\Unity\Unity 2022.3.19f1\Editor\Unity.exe
-adb2
-batchMode
-noUpm
-name
AssetImportWorker4
-projectPath
D:/.KULIAH/Unity/UAS
-logFile
Logs/AssetImportWorker4.log
-srvPort
62148
Successfully changed project path to: D:/.KULIAH/Unity/UAS
D:/.KULIAH/Unity/UAS
[UnityMemory] Configuration Parameters - Can be set up in boot.config
    "memorysetup-bucket-allocator-granularity=16"
    "memorysetup-bucket-allocator-bucket-count=8"
    "memorysetup-bucket-allocator-block-size=33554432"
    "memorysetup-bucket-allocator-block-count=8"
    "memorysetup-main-allocator-block-size=16777216"
    "memorysetup-thread-allocator-block-size=16777216"
    "memorysetup-gfx-main-allocator-block-size=16777216"
    "memorysetup-gfx-thread-allocator-block-size=16777216"
    "memorysetup-cache-allocator-block-size=4194304"
    "memorysetup-typetree-allocator-block-size=2097152"
    "memorysetup-profiler-bucket-allocator-granularity=16"
    "memorysetup-profiler-bucket-allocator-bucket-count=8"
    "memorysetup-profiler-bucket-allocator-block-size=33554432"
    "memorysetup-profiler-bucket-allocator-block-count=8"
    "memorysetup-profiler-allocator-block-size=16777216"
    "memorysetup-profiler-editor-allocator-block-size=1048576"
    "memorysetup-temp-allocator-size-main=16777216"
    "memorysetup-job-temp-allocator-block-size=2097152"
    "memorysetup-job-temp-allocator-block-size-background=1048576"
    "memorysetup-job-temp-allocator-reduction-small-platforms=262144"
    "memorysetup-allocator-temp-initial-block-size-main=262144"
    "memorysetup-allocator-temp-initial-block-size-worker=262144"
    "memorysetup-temp-allocator-size-background-worker=32768"
    "memorysetup-temp-allocator-size-job-worker=262144"
    "memorysetup-temp-allocator-size-preload-manager=33554432"
    "memorysetup-temp-allocator-size-nav-mesh-worker=65536"
    "memorysetup-temp-allocator-size-audio-worker=65536"
    "memorysetup-temp-allocator-size-cloud-worker=32768"
    "memorysetup-temp-allocator-size-gi-baking-worker=262144"
    "memorysetup-temp-allocator-size-gfx=262144"
Player connection [39600] Host "[IP] 192.168.56.1 [Port] 0 [Flags] 2 [Guid] 1907286807 [EditorId] 1907286807 [Version] 1048832 [Id] WindowsEditor(7,LAPTOP-JTNMBD8H) [Debug] 1 [PackageName] WindowsEditor [ProjectName] Editor" joined multi-casting on [225.0.0.222:54997]...

Player connection [39600] Host "[IP] 192.168.56.1 [Port] 0 [Flags] 2 [Guid] 1907286807 [EditorId] 1907286807 [Version] 1048832 [Id] WindowsEditor(7,LAPTOP-JTNMBD8H) [Debug] 1 [PackageName] WindowsEditor [ProjectName] Editor" joined alternative multi-casting on [225.0.0.222:34997]...

[Physics::Module] Initialized MultithreadedJobDispatcher with 15 workers.
Refreshing native plugins compatible for Editor in 5.92 ms, found 3 plugins.
Preloading 0 native plugins for Editor in 0.00 ms.
Initialize engine version: 2022.3.19f1 (244b723c30a6)
[Subsystems] Discovering subsystems at path D:/.KULIAH/Unity/Unity 2022.3.19f1/Editor/Data/Resources/UnitySubsystems
[Subsystems] Discovering subsystems at path D:/.KULIAH/Unity/UAS/Assets
GfxDevice: creating device client; threaded=0; jobified=0
Direct3D:
    Version:  Direct3D 11.0 [level 11.1]
    Renderer: NVIDIA GeForce RTX 3050 Laptop GPU (ID=0x25a2)
    Vendor:   NVIDIA
    VRAM:     3964 MB
    Driver:   31.0.15.5186
Initialize mono
Mono path[0] = 'D:/.KULIAH/Unity/Unity 2022.3.19f1/Editor/Data/Managed'
Mono path[1] = 'D:/.KULIAH/Unity/Unity 2022.3.19f1/Editor/Data/MonoBleedingEdge/lib/mono/unityjit-win32'
Mono config path = 'D:/.KULIAH/Unity/Unity 2022.3.19f1/Editor/Data/MonoBleedingEdge/etc'
Using monoOptions --debugger-agent=transport=dt_socket,embedding=1,server=y,suspend=n,address=127.0.0.1:56412
Begin MonoManager ReloadAssembly
Registering precompiled unity dll's ...
Register platform support module: D:/.KULIAH/Unity/Unity 2022.3.19f1/Editor/Data/PlaybackEngines/WindowsStandaloneSupport/UnityEditor.WindowsStandalone.Extensions.dll
Registered in 0.002968 seconds.
- Loaded All Assemblies, in  0.279 seconds
Native extension for WindowsStandalone target not found
Mono: successfully reloaded assembly
- Finished resetting the current domain, in  0.236 seconds
Domain Reload Profiling: 514ms
	BeginReloadAssembly (89ms)
		ExecutionOrderSort (0ms)
		DisableScriptedObjects (0ms)
		BackupInstance (0ms)
		ReleaseScriptingObjects (0ms)
		CreateAndSetChildDomain (1ms)
	RebuildCommonClasses (27ms)
	RebuildNativeTypeToScriptingClass (8ms)
	initialDomainReloadingComplete (41ms)
	LoadAllAssembliesAndSetupDomain (115ms)
		LoadAssemblies (88ms)
		RebuildTransferFunctionScriptingTraits (0ms)
		AnalyzeDomain (113ms)
			TypeCache.Refresh (111ms)
				TypeCache.ScanAssembly (100ms)
			ScanForSourceGeneratedMonoScriptInfo (0ms)
			ResolveRequiredComponents (0ms)
	FinalizeReload (236ms)
		ReleaseScriptCaches (0ms)
		RebuildScriptCaches (0ms)
		SetupLoadedEditorAssemblies (187ms)
			LogAssemblyErrors (0ms)
			InitializePlatformSupportModulesInManaged (6ms)
			SetLoadedEditorAssemblies (7ms)
			RefreshPlugins (0ms)
			BeforeProcessingInitializeOnLoad (2ms)
			ProcessInitializeOnLoadAttributes (131ms)
			ProcessInitializeOnLoadMethodAttributes (40ms)
			AfterProcessingInitializeOnLoad (0ms)
			EditorAssembliesLoaded (0ms)
		ExecutionOrderSort2 (0ms)
		AwakeInstancesAfterBackupRestoration (0ms)
========================================================================
Worker process is ready to serve import requests
Begin MonoManager ReloadAssembly
- Loaded All Assemblies, in  0.506 seconds
Refreshing native plugins compatible for Editor in 1.61 ms, found 3 plugins.
Native extension for WindowsStandalone target not found
Mono: successfully reloaded assembly
- Finished resetting the current domain, in  0.459 seconds
Domain Reload Profiling: 965ms
	BeginReloadAssembly (128ms)
		ExecutionOrderSort (0ms)
		DisableScriptedObjects (4ms)
		BackupInstance (0ms)
		ReleaseScriptingObjects (0ms)
		CreateAndSetChildDomain (22ms)
	RebuildCommonClasses (27ms)
	RebuildNativeTypeToScriptingClass (8ms)
	initialDomainReloadingComplete (30ms)
	LoadAllAssembliesAndSetupDomain (314ms)
		LoadAssemblies (249ms)
		RebuildTransferFunctionScriptingTraits (0ms)
		AnalyzeDomain (140ms)
			TypeCache.Refresh (123ms)
				TypeCache.ScanAssembly (110ms)
			ScanForSourceGeneratedMonoScriptInfo (12ms)
			ResolveRequiredComponents (3ms)
	FinalizeReload (459ms)
		ReleaseScriptCaches (0ms)
		RebuildScriptCaches (0ms)
		SetupLoadedEditorAssemblies (334ms)
			LogAssemblyErrors (0ms)
			InitializePlatformSupportModulesInManaged (4ms)
			SetLoadedEditorAssemblies (4ms)
			RefreshPlugins (0ms)
			BeforeProcessingInitializeOnLoad (45ms)
			ProcessInitializeOnLoadAttributes (262ms)
			ProcessInitializeOnLoadMethodAttributes (18ms)
			AfterProcessingInitializeOnLoad (1ms)
			EditorAssembliesLoaded (0ms)
		ExecutionOrderSort2 (0ms)
		AwakeInstancesAfterBackupRestoration (6ms)
Launched and connected shader compiler UnityShaderCompiler.exe after 0.04 seconds
Refreshing native plugins compatible for Editor in 1.34 ms, found 3 plugins.
Preloading 0 native plugins for Editor in 0.00 ms.
Unloading 3189 Unused Serialized files (Serialized files now loaded: 0)
Unloading 30 unused Assets / (57.0 KB). Loaded Objects now: 3652.
Memory consumption went from 131.9 MB to 131.8 MB.
Total: 3.760800 ms (FindLiveObjects: 0.239000 ms CreateObjectMapping: 0.098100 ms MarkObjects: 3.267700 ms  DeleteObjects: 0.153700 ms)

AssetImportParameters requested are different than current active one (requested -> active):
  custom:container-demuxer-ogg: 62fdf1f143b41e24485cea50d1cbac27 -> 
  custom:video-codec-MediaFoundation-h265: 746d11721c4dcdbdad8f713fa42b33f4 -> 
  custom:video-decoder-ogg-theora: a1e56fd34408186e4bbccfd4996cb3dc -> 
  custom:framework-win-MediaFoundation: 216162199b28c13a410421893ffa2e32 -> 
  custom:CustomObjectIndexerAttribute: 6d391050e5a25f67b0a2c618074f2cd9 -> 
  custom:container-demuxer-webm: 4f35f7cbe854078d1ac9338744f61a02 -> 
  custom:container-muxer-webm: aa71ff27fc2769a1b78a27578f13a17b -> 
  custom:video-decoder-webm-vp8: 9c59270c3fd7afecdb556c50c9e8de78 -> 
  custom:SearchIndexIgnoredProperties: e643bd26f0fe6173181afceb89e7c659 -> 
  custom:AudioImporter_EditorPlatform: d09bf68614088b80899f8185d706f6e7 -> 
  custom:video-encoder-webm-vp8: eb34c28f22e8b96e1ab97ce403110664 -> 
  custom:audio-decoder-ogg-vorbis: bf7c407c2cedff20999df2af8eb42d56 -> 
  custom:scripting/monoscript/fileName/TrashbinYellowInteraction.cs: b828066cdcb549a8372262774cedc14d -> 
  custom:audio-encoder-webm-vorbis: bf7c407c2cedff20999df2af8eb42d56 -> 
========================================================================
Received Import Request.
  Time since last request: 1547936.940740 seconds.
  path: Assets/Mess Maker Free/Prefabs/High Poly/Porcelin and Pottery
  artifactKey: Guid(c93d683af55d3114c93f19cd08eae257) Importer(815301076,1909f56bfc062723c751e8b465ee728b)
Start importing Assets/Mess Maker Free/Prefabs/High Poly/Porcelin and Pottery using Guid(c93d683af55d3114c93f19cd08eae257) Importer(815301076,1909f56bfc062723c751e8b465ee728b)  -> (artifact id: '2e63ea418238924616ab32cbe07e124d') in 0.002934 seconds
Number of updated asset objects reloaded before import = 0
Number of asset objects unloaded after import = 0
========================================================================
Received Import Request.
  Time since last request: 2.016351 seconds.
  path: Assets/Mess Maker Free/Prefabs/High Poly/Porcelin and Pottery/Mug White.prefab
  artifactKey: Guid(bd0d4897a6517e64ca6c38ed50bfe5d2) Importer(815301076,1909f56bfc062723c751e8b465ee728b)
Start importing Assets/Mess Maker Free/Prefabs/High Poly/Porcelin and Pottery/Mug White.prefab using Guid(bd0d4897a6517e64ca6c38ed50bfe5d2) Importer(815301076,1909f56bfc062723c751e8b465ee728b)  -> (artifact id: '0c4170070821ed4354e19e8d8b6057e6') in 0.111112 seconds
Number of updated asset objects reloaded before import = 0
Number of asset objects unloaded after import = 10
========================================================================
Received Import Request.
  Time since last request: 0.000033 seconds.
  path: Assets/Mess Maker Free/Prefabs/High Poly/Porcelin and Pottery/Mug Wood.prefab
  artifactKey: Guid(0c151e8b229a7e34ab8f87c12c618a32) Importer(815301076,1909f56bfc062723c751e8b465ee728b)
Start importing Assets/Mess Maker Free/Prefabs/High Poly/Porcelin and Pottery/Mug Wood.prefab using Guid(0c151e8b229a7e34ab8f87c12c618a32) Importer(815301076,1909f56bfc062723c751e8b465ee728b)  -> (artifact id: 'da3f58e7043eb800056eb50c97e56eaa') in 0.068188 seconds
Number of updated asset objects reloaded before import = 0
Number of asset objects unloaded after import = 12
========================================================================
Received Import Request.
  Time since last request: 16.935577 seconds.
  path: Assets/Mess Maker Free/Prefabs/High Poly/Food/Apple Core Green.prefab
  artifactKey: Guid(bd75deb20c1e65f43b506a25a0b3b293) Importer(815301076,1909f56bfc062723c751e8b465ee728b)
Start importing Assets/Mess Maker Free/Prefabs/High Poly/Food/Apple Core Green.prefab using Guid(bd75deb20c1e65f43b506a25a0b3b293) Importer(815301076,1909f56bfc062723c751e8b465ee728b)  -> (artifact id: '26a871fc9939590c8f573dc0559485be') in 0.027481 seconds
Number of updated asset objects reloaded before import = 0
Number of asset objects unloaded after import = 12
========================================================================
Received Import Request.
  Time since last request: 86.409002 seconds.
  path: Assets/Mess Maker Free/Prefabs/Low Poly/Porcelin and Pottery/Mug White.prefab
  artifactKey: Guid(f40a62fcb2acbf8409aee9456b5d86c0) Importer(815301076,1909f56bfc062723c751e8b465ee728b)
Start importing Assets/Mess Maker Free/Prefabs/Low Poly/Porcelin and Pottery/Mug White.prefab using Guid(f40a62fcb2acbf8409aee9456b5d86c0) Importer(815301076,1909f56bfc062723c751e8b465ee728b)  -> (artifact id: '7b5e65634d8de173a206e53e85774dae') in 0.025526 seconds
Number of updated asset objects reloaded before import = 0
Number of asset objects unloaded after import = 10
========================================================================
Received Import Request.
  Time since last request: 0.000021 seconds.
  path: Assets/Mess Maker Free/Prefabs/Low Poly/Porcelin and Pottery/Mug Wood.prefab
  artifactKey: Guid(b62255c42ea48f04aa1f23b246142d99) Importer(815301076,1909f56bfc062723c751e8b465ee728b)
Start importing Assets/Mess Maker Free/Prefabs/Low Poly/Porcelin and Pottery/Mug Wood.prefab using Guid(b62255c42ea48f04aa1f23b246142d99) Importer(815301076,1909f56bfc062723c751e8b465ee728b)  -> (artifact id: 'a7bf128136241d2e0189dfe976197bc6') in 0.028290 seconds
Number of updated asset objects reloaded before import = 0
Number of asset objects unloaded after import = 12
========================================================================
Received Import Request.
  Time since last request: 0.000024 seconds.
  path: Assets/RPG FOOD PROPS/UNIVERSAL RENDER PIPELINE/Prefabs/Orange.prefab
  artifactKey: Guid(d9b2165a0ca9fcf46887931b40797fa3) Importer(815301076,1909f56bfc062723c751e8b465ee728b)
Start importing Assets/RPG FOOD PROPS/UNIVERSAL RENDER PIPELINE/Prefabs/Orange.prefab using Guid(d9b2165a0ca9fcf46887931b40797fa3) Importer(815301076,1909f56bfc062723c751e8b465ee728b)  -> (artifact id: '731694e805a8010fa9345b026d5a1bc6') in 0.052612 seconds
Number of updated asset objects reloaded before import = 0
Number of asset objects unloaded after import = 14
========================================================================
Received Import Request.
  Time since last request: 0.000024 seconds.
  path: Assets/RPG FOOD PROPS/HD RENDER PIPELINE/Meshs/Plate.fbx
  artifactKey: Guid(fac896d872a45f94aa13d5331b0b97f3) Importer(815301076,1909f56bfc062723c751e8b465ee728b)
Start importing Assets/RPG FOOD PROPS/HD RENDER PIPELINE/Meshs/Plate.fbx using Guid(fac896d872a45f94aa13d5331b0b97f3) Importer(815301076,1909f56bfc062723c751e8b465ee728b)  -> (artifact id: '05d4ecf0d6b609a8b2f3c563ee6c0189') in 0.051086 seconds
Number of updated asset objects reloaded before import = 0
Number of asset objects unloaded after import = 7
========================================================================
Received Import Request.
  Time since last request: 0.000053 seconds.
  path: Assets/RPG FOOD PROPS/HD RENDER PIPELINE/Meshs/Plate_Collider.fbx
  artifactKey: Guid(e1b7e23a8266f7b4eba60833ae0a8c78) Importer(815301076,1909f56bfc062723c751e8b465ee728b)
Start importing Assets/RPG FOOD PROPS/HD RENDER PIPELINE/Meshs/Plate_Collider.fbx using Guid(e1b7e23a8266f7b4eba60833ae0a8c78) Importer(815301076,1909f56bfc062723c751e8b465ee728b)  -> (artifact id: '107142e3132a2e1f39a320b8832c1755') in 0.038569 seconds
Number of updated asset objects reloaded before import = 0
Number of asset objects unloaded after import = 7
========================================================================
Received Import Request.
  Time since last request: 0.000044 seconds.
  path: Assets/RPG FOOD PROPS/HD RENDER PIPELINE/Prefabs/Pumpkin.prefab
  artifactKey: Guid(2def7358f0aa9284488d56e5778e7a5b) Importer(815301076,1909f56bfc062723c751e8b465ee728b)
Start importing Assets/RPG FOOD PROPS/HD RENDER PIPELINE/Prefabs/Pumpkin.prefab using Guid(2def7358f0aa9284488d56e5778e7a5b) Importer(815301076,1909f56bfc062723c751e8b465ee728b)  -> (artifact id: '7740e454c5041d90bdb45f384c24c865') in 0.048147 seconds
Number of updated asset objects reloaded before import = 0
Number of asset objects unloaded after import = 13
========================================================================
Received Import Request.
  Time since last request: 0.000041 seconds.
  path: Assets/RPG FOOD PROPS/UNIVERSAL RENDER PIPELINE/Meshs/Plate.fbx
  artifactKey: Guid(a968ab69b7c0bac4a8729a6c1080a167) Importer(815301076,1909f56bfc062723c751e8b465ee728b)
Start importing Assets/RPG FOOD PROPS/UNIVERSAL RENDER PIPELINE/Meshs/Plate.fbx using Guid(a968ab69b7c0bac4a8729a6c1080a167) Importer(815301076,1909f56bfc062723c751e8b465ee728b)  -> (artifact id: '97e8fcaa0887f39ded566e35e2e64b86') in 0.021882 seconds
Number of updated asset objects reloaded before import = 0
Number of asset objects unloaded after import = 7
========================================================================
Received Import Request.
  Time since last request: 0.000035 seconds.
  path: Assets/RPG FOOD PROPS/HD RENDER PIPELINE/Meshs/Orange_Collider.fbx
  artifactKey: Guid(833cf384705d7ed4a8403cd9bad2925a) Importer(815301076,1909f56bfc062723c751e8b465ee728b)
Start importing Assets/RPG FOOD PROPS/HD RENDER PIPELINE/Meshs/Orange_Collider.fbx using Guid(833cf384705d7ed4a8403cd9bad2925a) Importer(815301076,1909f56bfc062723c751e8b465ee728b)  -> (artifact id: 'a005938537a53057bbd9f149fe91ec4b') in 0.033250 seconds
Number of updated asset objects reloaded before import = 0
Number of asset objects unloaded after import = 7
========================================================================
Received Import Request.
  Time since last request: 0.000023 seconds.
  path: Assets/RPG FOOD PROPS/HD RENDER PIPELINE/Prefabs/Orange.prefab
  artifactKey: Guid(10bdf97ee15cd63418e32fd0f25cec02) Importer(815301076,1909f56bfc062723c751e8b465ee728b)
Start importing Assets/RPG FOOD PROPS/HD RENDER PIPELINE/Prefabs/Orange.prefab using Guid(10bdf97ee15cd63418e32fd0f25cec02) Importer(815301076,1909f56bfc062723c751e8b465ee728b)  -> (artifact id: '1dd7c75ec068bf42d5c12137e07d9602') in 0.031375 seconds
Number of updated asset objects reloaded before import = 0
Number of asset objects unloaded after import = 13
========================================================================
Received Import Request.
  Time since last request: 0.000032 seconds.
  path: Assets/RPG FOOD PROPS/UNIVERSAL RENDER PIPELINE/Meshs/Pumpkin.fbx
  artifactKey: Guid(98e4d0414bef6de43a31b0186e9ff135) Importer(815301076,1909f56bfc062723c751e8b465ee728b)
Start importing Assets/RPG FOOD PROPS/UNIVERSAL RENDER PIPELINE/Meshs/Pumpkin.fbx using Guid(98e4d0414bef6de43a31b0186e9ff135) Importer(815301076,1909f56bfc062723c751e8b465ee728b)  -> (artifact id: '68e77e0bfd4253d17debf11c085d8f18') in 0.039065 seconds
Number of updated asset objects reloaded before import = 0
Number of asset objects unloaded after import = 7
Editor requested this worker to shutdown with reason: Scaling down because of idle timeout
TcpMessagingSession - receive error: operation aborted. errorcode: 995, details: The I/O operation has been aborted because of either a thread exit or an application request.
AssetImportWorker is now disconnected from the server
Process exiting
Exiting without the bug reporter. Application will terminate with return code 0