Using pre-set license
Built from '2022.3/staging' branch; Version is '2022.3.19f1 (244b723c30a6) revision 2378610'; Using compiler version '192829333'; Build Type 'Release'
OS: 'Windows 11  (10.0.22631) 64bit CoreSingleLanguage' Language: 'en' Physical Memory: 24301 MB
BatchMode: 1, IsHumanControllingUs: 0, StartBugReporterOnCrash: 0, Is64bit: 1, IsPro: 1

COMMAND LINE ARGUMENTS:
D:\.KULIAH\Unity\Unity 2022.3.19f1\Editor\Unity.exe
-adb2
-batchMode
-noUpm
-name
AssetImportWorker7
-projectPath
D:/.KULIAH/Unity/UAS
-logFile
Logs/AssetImportWorker7.log
-srvPort
62148
Successfully changed project path to: D:/.KULIAH/Unity/UAS
D:/.KULIAH/Unity/UAS
[UnityMemory] Configuration Parameters - Can be set up in boot.config
    "memorysetup-bucket-allocator-granularity=16"
    "memorysetup-bucket-allocator-bucket-count=8"
    "memorysetup-bucket-allocator-block-size=33554432"
    "memorysetup-bucket-allocator-block-count=8"
    "memorysetup-main-allocator-block-size=16777216"
    "memorysetup-thread-allocator-block-size=16777216"
    "memorysetup-gfx-main-allocator-block-size=16777216"
    "memorysetup-gfx-thread-allocator-block-size=16777216"
    "memorysetup-cache-allocator-block-size=4194304"
    "memorysetup-typetree-allocator-block-size=2097152"
    "memorysetup-profiler-bucket-allocator-granularity=16"
    "memorysetup-profiler-bucket-allocator-bucket-count=8"
    "memorysetup-profiler-bucket-allocator-block-size=33554432"
    "memorysetup-profiler-bucket-allocator-block-count=8"
    "memorysetup-profiler-allocator-block-size=16777216"
    "memorysetup-profiler-editor-allocator-block-size=1048576"
    "memorysetup-temp-allocator-size-main=16777216"
    "memorysetup-job-temp-allocator-block-size=2097152"
    "memorysetup-job-temp-allocator-block-size-background=1048576"
    "memorysetup-job-temp-allocator-reduction-small-platforms=262144"
    "memorysetup-allocator-temp-initial-block-size-main=262144"
    "memorysetup-allocator-temp-initial-block-size-worker=262144"
    "memorysetup-temp-allocator-size-background-worker=32768"
    "memorysetup-temp-allocator-size-job-worker=262144"
    "memorysetup-temp-allocator-size-preload-manager=33554432"
    "memorysetup-temp-allocator-size-nav-mesh-worker=65536"
    "memorysetup-temp-allocator-size-audio-worker=65536"
    "memorysetup-temp-allocator-size-cloud-worker=32768"
    "memorysetup-temp-allocator-size-gi-baking-worker=262144"
    "memorysetup-temp-allocator-size-gfx=262144"
Player connection [41988] Host "[IP] 192.168.56.1 [Port] 0 [Flags] 2 [Guid] 38621202 [EditorId] 38621202 [Version] 1048832 [Id] WindowsEditor(7,LAPTOP-JTNMBD8H) [Debug] 1 [PackageName] WindowsEditor [ProjectName] Editor" joined multi-casting on [225.0.0.222:54997]...

Player connection [41988] Host "[IP] 192.168.56.1 [Port] 0 [Flags] 2 [Guid] 38621202 [EditorId] 38621202 [Version] 1048832 [Id] WindowsEditor(7,LAPTOP-JTNMBD8H) [Debug] 1 [PackageName] WindowsEditor [ProjectName] Editor" joined alternative multi-casting on [225.0.0.222:34997]...

[Physics::Module] Initialized MultithreadedJobDispatcher with 15 workers.
Refreshing native plugins compatible for Editor in 7.35 ms, found 3 plugins.
Preloading 0 native plugins for Editor in 0.00 ms.
Initialize engine version: 2022.3.19f1 (244b723c30a6)
[Subsystems] Discovering subsystems at path D:/.KULIAH/Unity/Unity 2022.3.19f1/Editor/Data/Resources/UnitySubsystems
[Subsystems] Discovering subsystems at path D:/.KULIAH/Unity/UAS/Assets
GfxDevice: creating device client; threaded=0; jobified=0
Direct3D:
    Version:  Direct3D 11.0 [level 11.1]
    Renderer: NVIDIA GeForce RTX 3050 Laptop GPU (ID=0x25a2)
    Vendor:   NVIDIA
    VRAM:     3964 MB
    Driver:   31.0.15.5186
Initialize mono
Mono path[0] = 'D:/.KULIAH/Unity/Unity 2022.3.19f1/Editor/Data/Managed'
Mono path[1] = 'D:/.KULIAH/Unity/Unity 2022.3.19f1/Editor/Data/MonoBleedingEdge/lib/mono/unityjit-win32'
Mono config path = 'D:/.KULIAH/Unity/Unity 2022.3.19f1/Editor/Data/MonoBleedingEdge/etc'
Using monoOptions --debugger-agent=transport=dt_socket,embedding=1,server=y,suspend=n,address=127.0.0.1:56664
Begin MonoManager ReloadAssembly
Registering precompiled unity dll's ...
Register platform support module: D:/.KULIAH/Unity/Unity 2022.3.19f1/Editor/Data/PlaybackEngines/WindowsStandaloneSupport/UnityEditor.WindowsStandalone.Extensions.dll
Registered in 0.003202 seconds.
- Loaded All Assemblies, in  0.288 seconds
Native extension for WindowsStandalone target not found
Mono: successfully reloaded assembly
- Finished resetting the current domain, in  0.222 seconds
Domain Reload Profiling: 510ms
	BeginReloadAssembly (99ms)
		ExecutionOrderSort (0ms)
		DisableScriptedObjects (0ms)
		BackupInstance (0ms)
		ReleaseScriptingObjects (0ms)
		CreateAndSetChildDomain (1ms)
	RebuildCommonClasses (27ms)
	RebuildNativeTypeToScriptingClass (9ms)
	initialDomainReloadingComplete (45ms)
	LoadAllAssembliesAndSetupDomain (108ms)
		LoadAssemblies (98ms)
		RebuildTransferFunctionScriptingTraits (0ms)
		AnalyzeDomain (107ms)
			TypeCache.Refresh (105ms)
				TypeCache.ScanAssembly (93ms)
			ScanForSourceGeneratedMonoScriptInfo (0ms)
			ResolveRequiredComponents (0ms)
	FinalizeReload (222ms)
		ReleaseScriptCaches (0ms)
		RebuildScriptCaches (0ms)
		SetupLoadedEditorAssemblies (172ms)
			LogAssemblyErrors (0ms)
			InitializePlatformSupportModulesInManaged (6ms)
			SetLoadedEditorAssemblies (7ms)
			RefreshPlugins (0ms)
			BeforeProcessingInitializeOnLoad (2ms)
			ProcessInitializeOnLoadAttributes (118ms)
			ProcessInitializeOnLoadMethodAttributes (39ms)
			AfterProcessingInitializeOnLoad (0ms)
			EditorAssembliesLoaded (0ms)
		ExecutionOrderSort2 (0ms)
		AwakeInstancesAfterBackupRestoration (0ms)
========================================================================
Worker process is ready to serve import requests
Begin MonoManager ReloadAssembly
- Loaded All Assemblies, in  0.494 seconds
Refreshing native plugins compatible for Editor in 1.63 ms, found 3 plugins.
Native extension for WindowsStandalone target not found
Mono: successfully reloaded assembly
- Finished resetting the current domain, in  0.452 seconds
Domain Reload Profiling: 947ms
	BeginReloadAssembly (123ms)
		ExecutionOrderSort (0ms)
		DisableScriptedObjects (4ms)
		BackupInstance (0ms)
		ReleaseScriptingObjects (0ms)
		CreateAndSetChildDomain (21ms)
	RebuildCommonClasses (30ms)
	RebuildNativeTypeToScriptingClass (8ms)
	initialDomainReloadingComplete (31ms)
	LoadAllAssembliesAndSetupDomain (303ms)
		LoadAssemblies (237ms)
		RebuildTransferFunctionScriptingTraits (0ms)
		AnalyzeDomain (138ms)
			TypeCache.Refresh (121ms)
				TypeCache.ScanAssembly (107ms)
			ScanForSourceGeneratedMonoScriptInfo (12ms)
			ResolveRequiredComponents (3ms)
	FinalizeReload (452ms)
		ReleaseScriptCaches (0ms)
		RebuildScriptCaches (0ms)
		SetupLoadedEditorAssemblies (337ms)
			LogAssemblyErrors (0ms)
			InitializePlatformSupportModulesInManaged (4ms)
			SetLoadedEditorAssemblies (4ms)
			RefreshPlugins (0ms)
			BeforeProcessingInitializeOnLoad (42ms)
			ProcessInitializeOnLoadAttributes (267ms)
			ProcessInitializeOnLoadMethodAttributes (18ms)
			AfterProcessingInitializeOnLoad (2ms)
			EditorAssembliesLoaded (0ms)
		ExecutionOrderSort2 (0ms)
		AwakeInstancesAfterBackupRestoration (5ms)
Launched and connected shader compiler UnityShaderCompiler.exe after 0.04 seconds
Refreshing native plugins compatible for Editor in 1.41 ms, found 3 plugins.
Preloading 0 native plugins for Editor in 0.00 ms.
Unloading 3189 Unused Serialized files (Serialized files now loaded: 0)
Unloading 30 unused Assets / (57.1 KB). Loaded Objects now: 3652.
Memory consumption went from 131.9 MB to 131.8 MB.
Total: 2.875800 ms (FindLiveObjects: 0.244700 ms CreateObjectMapping: 0.096800 ms MarkObjects: 2.410400 ms  DeleteObjects: 0.122200 ms)

AssetImportParameters requested are different than current active one (requested -> active):
  custom:container-demuxer-ogg: 62fdf1f143b41e24485cea50d1cbac27 -> 
  custom:video-codec-MediaFoundation-h265: 746d11721c4dcdbdad8f713fa42b33f4 -> 
  custom:video-decoder-ogg-theora: a1e56fd34408186e4bbccfd4996cb3dc -> 
  custom:framework-win-MediaFoundation: 216162199b28c13a410421893ffa2e32 -> 
  custom:CustomObjectIndexerAttribute: 6d391050e5a25f67b0a2c618074f2cd9 -> 
  custom:container-demuxer-webm: 4f35f7cbe854078d1ac9338744f61a02 -> 
  custom:container-muxer-webm: aa71ff27fc2769a1b78a27578f13a17b -> 
  custom:video-decoder-webm-vp8: 9c59270c3fd7afecdb556c50c9e8de78 -> 
  custom:SearchIndexIgnoredProperties: e643bd26f0fe6173181afceb89e7c659 -> 
  custom:AudioImporter_EditorPlatform: d09bf68614088b80899f8185d706f6e7 -> 
  custom:video-encoder-webm-vp8: eb34c28f22e8b96e1ab97ce403110664 -> 
  custom:audio-decoder-ogg-vorbis: bf7c407c2cedff20999df2af8eb42d56 -> 
  custom:scripting/monoscript/fileName/TrashbinYellowInteraction.cs: b828066cdcb549a8372262774cedc14d -> 
  custom:audio-encoder-webm-vorbis: bf7c407c2cedff20999df2af8eb42d56 -> 
========================================================================
Received Import Request.
  Time since last request: 1548236.510728 seconds.
  path: Assets/RPG FOOD PROPS/HD RENDER PIPELINE/Prefabs/Bottle1.prefab
  artifactKey: Guid(dbf44409b17d9cf4e9a563fd48678abd) Importer(815301076,1909f56bfc062723c751e8b465ee728b)
Start importing Assets/RPG FOOD PROPS/HD RENDER PIPELINE/Prefabs/Bottle1.prefab using Guid(dbf44409b17d9cf4e9a563fd48678abd) Importer(815301076,1909f56bfc062723c751e8b465ee728b)  -> (artifact id: '40592d5840b52f6d2e511e7476a78621') in 0.148045 seconds
Number of updated asset objects reloaded before import = 0
Number of asset objects unloaded after import = 13
========================================================================
Received Import Request.
  Time since last request: 0.000022 seconds.
  path: Assets/RPG FOOD PROPS/HD RENDER PIPELINE/Prefabs/WoodenBox1 Cheese.prefab
  artifactKey: Guid(51e2a7f5aa2a8bf4faecf921aa796851) Importer(815301076,1909f56bfc062723c751e8b465ee728b)
Start importing Assets/RPG FOOD PROPS/HD RENDER PIPELINE/Prefabs/WoodenBox1 Cheese.prefab using Guid(51e2a7f5aa2a8bf4faecf921aa796851) Importer(815301076,1909f56bfc062723c751e8b465ee728b)  -> (artifact id: '1dcea9c0d3607e2a553e980e18688a10') in 0.125123 seconds
Number of updated asset objects reloaded before import = 0
Number of asset objects unloaded after import = 73
========================================================================
Received Import Request.
  Time since last request: 0.000028 seconds.
  path: Assets/RPG FOOD PROPS/HD RENDER PIPELINE/Prefabs/WoodenBox2 Watermelon 1.prefab
  artifactKey: Guid(0485b2927d5d99646ac48b6c297643d2) Importer(815301076,1909f56bfc062723c751e8b465ee728b)
Start importing Assets/RPG FOOD PROPS/HD RENDER PIPELINE/Prefabs/WoodenBox2 Watermelon 1.prefab using Guid(0485b2927d5d99646ac48b6c297643d2) Importer(815301076,1909f56bfc062723c751e8b465ee728b)  -> (artifact id: '415f064fd8eb63ec7eb72fd6f4ddf5cd') in 0.143779 seconds
Number of updated asset objects reloaded before import = 0
Number of asset objects unloaded after import = 103
========================================================================
Received Import Request.
  Time since last request: 0.000023 seconds.
  path: Assets/RPG FOOD PROPS/HD RENDER PIPELINE/Prefabs/WoodenBox2 Pumpkin.prefab
  artifactKey: Guid(b21bef0ca56632c4fbb308fadb616269) Importer(815301076,1909f56bfc062723c751e8b465ee728b)
Start importing Assets/RPG FOOD PROPS/HD RENDER PIPELINE/Prefabs/WoodenBox2 Pumpkin.prefab using Guid(b21bef0ca56632c4fbb308fadb616269) Importer(815301076,1909f56bfc062723c751e8b465ee728b)  -> (artifact id: '1a95f73c8c23a1fbc2d0e33388f2a7b6') in 0.073132 seconds
Number of updated asset objects reloaded before import = 0
Number of asset objects unloaded after import = 49
========================================================================
Received Import Request.
  Time since last request: 0.000021 seconds.
  path: Assets/RPG FOOD PROPS/HD RENDER PIPELINE/Prefabs/WoodenBox1 Apple.prefab
  artifactKey: Guid(dfd01c6ad71f83e45bd5655cdca637c8) Importer(815301076,1909f56bfc062723c751e8b465ee728b)
Start importing Assets/RPG FOOD PROPS/HD RENDER PIPELINE/Prefabs/WoodenBox1 Apple.prefab using Guid(dfd01c6ad71f83e45bd5655cdca637c8) Importer(815301076,1909f56bfc062723c751e8b465ee728b)  -> (artifact id: 'c7323ab9344dc1f7540863e8108b190d') in 0.037300 seconds
Number of updated asset objects reloaded before import = 0
Number of asset objects unloaded after import = 121
========================================================================
Received Import Request.
  Time since last request: 0.000018 seconds.
  path: Assets/RPG FOOD PROPS/HD RENDER PIPELINE/Prefabs/WoodenBox1.prefab
  artifactKey: Guid(cf3cba4c7264b3844bcc45c92e2ad8ef) Importer(815301076,1909f56bfc062723c751e8b465ee728b)
Start importing Assets/RPG FOOD PROPS/HD RENDER PIPELINE/Prefabs/WoodenBox1.prefab using Guid(cf3cba4c7264b3844bcc45c92e2ad8ef) Importer(815301076,1909f56bfc062723c751e8b465ee728b)  -> (artifact id: 'edbc3b7b4aa4dbec592136f97721cc48') in 0.018486 seconds
Number of updated asset objects reloaded before import = 0
Number of asset objects unloaded after import = 13
========================================================================
Received Import Request.
  Time since last request: 0.000018 seconds.
  path: Assets/RPG FOOD PROPS/HD RENDER PIPELINE/Prefabs/Watermelon.prefab
  artifactKey: Guid(42c47d29723ac7a4b820f5d661650707) Importer(815301076,1909f56bfc062723c751e8b465ee728b)
Start importing Assets/RPG FOOD PROPS/HD RENDER PIPELINE/Prefabs/Watermelon.prefab using Guid(42c47d29723ac7a4b820f5d661650707) Importer(815301076,1909f56bfc062723c751e8b465ee728b)  -> (artifact id: '29b135db38f7aad8e7030a3576358d74') in 0.021035 seconds
Number of updated asset objects reloaded before import = 0
Number of asset objects unloaded after import = 13
========================================================================
Received Import Request.
  Time since last request: 0.000021 seconds.
  path: Assets/RPG FOOD PROPS/HD RENDER PIPELINE/Prefabs/Tomato.prefab
  artifactKey: Guid(f4cff6605845c1a43a71975cec16ebe5) Importer(815301076,1909f56bfc062723c751e8b465ee728b)
Start importing Assets/RPG FOOD PROPS/HD RENDER PIPELINE/Prefabs/Tomato.prefab using Guid(f4cff6605845c1a43a71975cec16ebe5) Importer(815301076,1909f56bfc062723c751e8b465ee728b)  -> (artifact id: '1e46ee46ac06c09acf3fe3b3a892527f') in 0.025491 seconds
Number of updated asset objects reloaded before import = 0
Number of asset objects unloaded after import = 13
========================================================================
Received Import Request.
  Time since last request: 9.732221 seconds.
  path: Assets/RPG FOOD PROPS/UNIVERSAL RENDER PIPELINE/Prefabs/Bread1.prefab
  artifactKey: Guid(7bb36d5ab74d539468ad55ab6793edcc) Importer(815301076,1909f56bfc062723c751e8b465ee728b)
Start importing Assets/RPG FOOD PROPS/UNIVERSAL RENDER PIPELINE/Prefabs/Bread1.prefab using Guid(7bb36d5ab74d539468ad55ab6793edcc) Importer(815301076,1909f56bfc062723c751e8b465ee728b)  -> (artifact id: 'aba91194170d3e901662cbbcc94aa64a') in 0.054079 seconds
Number of updated asset objects reloaded before import = 0
Number of asset objects unloaded after import = 14
========================================================================
Received Import Request.
  Time since last request: 0.000022 seconds.
  path: Assets/RPG FOOD PROPS/UNIVERSAL RENDER PIPELINE/Prefabs/TraderTable.prefab
  artifactKey: Guid(c831aec7563529b42801d2fc8bc5f8ea) Importer(815301076,1909f56bfc062723c751e8b465ee728b)
Start importing Assets/RPG FOOD PROPS/UNIVERSAL RENDER PIPELINE/Prefabs/TraderTable.prefab using Guid(c831aec7563529b42801d2fc8bc5f8ea) Importer(815301076,1909f56bfc062723c751e8b465ee728b)  -> (artifact id: '994251d1f1f0fd931880c5d535c7c389') in 0.030197 seconds
Number of updated asset objects reloaded before import = 0
Number of asset objects unloaded after import = 14
========================================================================
Received Import Request.
  Time since last request: 0.000069 seconds.
  path: Assets/RPG FOOD PROPS/UNIVERSAL RENDER PIPELINE/Prefabs/WoodenBox1 Apple.prefab
  artifactKey: Guid(898586956fcd399439a3129c4537b66a) Importer(815301076,1909f56bfc062723c751e8b465ee728b)
Start importing Assets/RPG FOOD PROPS/UNIVERSAL RENDER PIPELINE/Prefabs/WoodenBox1 Apple.prefab using Guid(898586956fcd399439a3129c4537b66a) Importer(815301076,1909f56bfc062723c751e8b465ee728b)  -> (artifact id: 'd401a6172ac10e2e3c6fa53871277da8') in 0.062467 seconds
Number of updated asset objects reloaded before import = 0
Number of asset objects unloaded after import = 123
========================================================================
Received Import Request.
  Time since last request: 0.000017 seconds.
  path: Assets/RPG FOOD PROPS/UNIVERSAL RENDER PIPELINE/Prefabs/WoodenBox1 Orange.prefab
  artifactKey: Guid(688a230d8b0551a42ab8a80ad85c1416) Importer(815301076,1909f56bfc062723c751e8b465ee728b)
Start importing Assets/RPG FOOD PROPS/UNIVERSAL RENDER PIPELINE/Prefabs/WoodenBox1 Orange.prefab using Guid(688a230d8b0551a42ab8a80ad85c1416) Importer(815301076,1909f56bfc062723c751e8b465ee728b)  -> (artifact id: 'd36cc9b0d0205bbc988600c5e877ec04') in 0.050526 seconds
Number of updated asset objects reloaded before import = 0
Number of asset objects unloaded after import = 123
========================================================================
Received Import Request.
  Time since last request: 0.000019 seconds.
  path: Assets/RPG FOOD PROPS/UNIVERSAL RENDER PIPELINE/Prefabs/WoodenBox2 Watermelon.prefab
  artifactKey: Guid(1790fda9790e90946a3ce7e37d502096) Importer(815301076,1909f56bfc062723c751e8b465ee728b)
Start importing Assets/RPG FOOD PROPS/UNIVERSAL RENDER PIPELINE/Prefabs/WoodenBox2 Watermelon.prefab using Guid(1790fda9790e90946a3ce7e37d502096) Importer(815301076,1909f56bfc062723c751e8b465ee728b)  -> (artifact id: '1541ec5f075802e71cb3018aca194ea4') in 0.122398 seconds
Number of updated asset objects reloaded before import = 0
Number of asset objects unloaded after import = 51
Editor requested this worker to shutdown with reason: Scaling down because of idle timeout
TcpMessagingSession - receive error: operation aborted. errorcode: 995, details: The I/O operation has been aborted because of either a thread exit or an application request.
AssetImportWorker is now disconnected from the server
Process exiting
Exiting without the bug reporter. Application will terminate with return code 0